c:\work\code\netfxmock3\netfxmockprofiler\netfxmockprofiler\debug\netfxmockprofiler.pch
c:\work\code\netfxmock3\netfxmockprofiler\netfxmockprofiler\debug\vc120.pdb
c:\work\code\netfxmock3\netfxmockprofiler\netfxmockprofiler\debug\vc120.idb
c:\work\code\netfxmock3\netfxmockprofiler\netfxmockprofiler\debug\stdafx.obj
c:\work\code\netfxmock3\netfxmockprofiler\netfxmockprofiler\debug\dllmain.obj
c:\work\code\netfxmock3\netfxmockprofiler\netfxmockprofiler\debug\netfxmockprofiler.obj
c:\work\code\netfxmock3\netfxmockprofiler\netfxmockprofiler\debug\profilerinterface.obj
c:\work\code\netfxmock3\netfxmockprofiler\netfxmockprofiler\debug\netfxmockprofiler_i.obj
c:\work\code\netfxmock3\netfxmockprofiler\netfxmockprofiler\debug\ilog.obj
c:\work\code\netfxmock3\netfxmockprofiler\netfxmockprofiler\debug\util.obj
c:\work\code\netfxmock3\netfxmockprofiler\netfxmockprofiler\debug\enterfunctionlistener.obj
c:\work\code\netfxmock3\netfxmock.test\netfxmock.test\bin\debug\netfxmockprofiler.ilk
c:\work\code\netfxmock3\netfxmock.test\netfxmock.test\bin\debug\netfxmockprofiler.dll
c:\work\code\netfxmock3\netfxmock.test\netfxmock.test\bin\debug\netfxmockprofiler.pdb
c:\work\code\netfxmock3\netfxmockprofiler\netfxmockprofiler\debug\netfxmockprofiler.tlb
c:\work\code\netfxmock3\netfxmockprofiler\netfxmockprofiler\netfxmockprofiler_p.c
c:\work\code\netfxmock3\netfxmockprofiler\netfxmockprofiler\netfxmockprofiler_i.c
c:\work\code\netfxmock3\netfxmockprofiler\netfxmockprofiler\netfxmockprofiler_i.h
c:\work\code\netfxmock3\netfxmockprofiler\debug\netfxmockprofiler.lib
c:\work\code\netfxmock3\netfxmockprofiler\debug\netfxmockprofiler.exp
c:\work\code\netfxmock3\netfxmock.test\netfxmock.test\bin\debug\netfxmockprofiler.lib
c:\work\code\netfxmock3\netfxmock.test\netfxmock.test\bin\debug\netfxmockprofiler.exp
c:\work\code\netfxmock3\netfxmockprofiler\netfxmockprofiler\debug\netfxmockprofiler.res
c:\work\code\netfxmock3\netfxmockprofiler\netfxmockprofiler\debug\vc141.idb
c:\work\code\netfxmock3\netfxmockprofiler\netfxmockprofiler\debug\vc141.pdb
c:\work\code\netfxmock3\netfxmockprofiler\..\netfxmock.test\netfxmock.test\bin\debug\netfxmockprofiler.pdb
c:\work\code\netfxmock3\netfxmockprofiler\..\netfxmock.test\netfxmock.test\bin\debug\netfxmockprofiler.dll
c:\work\code\netfxmock3\netfxmockprofiler\..\netfxmock.test\netfxmock.test\bin\debug\netfxmockprofiler.ilk
c:\work\code\netfxmock3\netfxmockprofiler\netfxmockprofiler\debug\netfxmoc.67feb6f0.tlog\cl.command.1.tlog
c:\work\code\netfxmock3\netfxmockprofiler\netfxmockprofiler\debug\netfxmoc.67feb6f0.tlog\cl.read.1.tlog
c:\work\code\netfxmock3\netfxmockprofiler\netfxmockprofiler\debug\netfxmoc.67feb6f0.tlog\cl.write.1.tlog
c:\work\code\netfxmock3\netfxmockprofiler\netfxmockprofiler\debug\netfxmoc.67feb6f0.tlog\link.command.1.tlog
c:\work\code\netfxmock3\netfxmockprofiler\netfxmockprofiler\debug\netfxmoc.67feb6f0.tlog\link.read.1.tlog
c:\work\code\netfxmock3\netfxmockprofiler\netfxmockprofiler\debug\netfxmoc.67feb6f0.tlog\link.write.1.tlog
c:\work\code\netfxmock3\netfxmockprofiler\netfxmockprofiler\debug\netfxmoc.67feb6f0.tlog\midl.command.1.tlog
c:\work\code\netfxmock3\netfxmockprofiler\netfxmockprofiler\debug\netfxmoc.67feb6f0.tlog\midl.read.1.tlog
c:\work\code\netfxmock3\netfxmockprofiler\netfxmockprofiler\debug\netfxmoc.67feb6f0.tlog\midl.write.1.tlog
c:\work\code\netfxmock3\netfxmockprofiler\netfxmockprofiler\debug\netfxmoc.67feb6f0.tlog\netfxmockprofiler.write.1u.tlog
c:\work\code\netfxmock3\netfxmockprofiler\netfxmockprofiler\debug\netfxmoc.67feb6f0.tlog\rc.command.1.tlog
c:\work\code\netfxmock3\netfxmockprofiler\netfxmockprofiler\debug\netfxmoc.67feb6f0.tlog\rc.read.1.tlog
c:\work\code\netfxmock3\netfxmockprofiler\netfxmockprofiler\debug\netfxmoc.67feb6f0.tlog\rc.write.1.tlog
