Build started 2018/12/6 23:46:31.
Project "C:\work\code\NetFxMock3\NetFxMockProfiler\NetFxMockProfiler\NetFxMockProfiler.vcxproj" on node 2 (Build target(s)).
C:\Program Files (x86)\MSBuild\Microsoft.Cpp\v4.0\V120\Microsoft.CppBuild.targets(364,5): warning MSB8004: Output Directory does not end with a trailing slash.  This build instance will add the slash as it is required to allow proper evaluation of the Output Directory.
ClCompile:
  C:\Program Files (x86)\Microsoft Visual Studio 12.0\VC\bin\CL.exe /c /ZI /nologo /W3 /WX- /sdl /Od /Oy- /D WIN32 /D _WINDOWS /D _DEBUG /D _USRDLL /D _WINDLL /Gm /EHsc /RTC1 /MDd /GS /fp:precise /Zc:wchar_t /Zc:forScope /Yu"stdafx.h" /Fp"Debug\NetFxMockProfiler.pch" /Fo"Debug\\" /Fd"Debug\vc120.pdb" /Gd /TP /analyze- /errorReport:prompt EnterFunctionListener.cpp ProfilerInterface.cpp
  ProfilerInterface.cpp
  EnterFunctionListener.cpp
  Generating Code...
Link:
  C:\Program Files (x86)\Microsoft Visual Studio 12.0\VC\bin\link.exe /ERRORREPORT:PROMPT /OUT:"C:\work\code\NetFxMock3\NetFxMockProfiler\..\NetFxMock.Test\NetFxMock.Test\bin\Debug\NetFxMockProfiler.dll" /INCREMENTAL /NOLOGO comsvcs.lib log4cplusSD.lib kernel32.lib user32.lib gdi32.lib winspool.lib comdlg32.lib advapi32.lib shell32.lib ole32.lib oleaut32.lib uuid.lib odbc32.lib odbccp32.lib /DEF:".\NetFxMockProfiler.def" /MANIFEST /MANIFESTUAC:"level='asInvoker' uiAccess='false'" /manifest:embed /DEBUG /PDB:"C:\work\code\NetFxMock3\NetFxMockProfiler\..\NetFxMock.Test\NetFxMock.Test\bin\Debug\NetFxMockProfiler.pdb" /SUBSYSTEM:WINDOWS /TLBID:1 /DYNAMICBASE /NXCOMPAT /MACHINE:X86 /DLL Debug\NetFxMockProfiler.res
  Debug\dllmain.obj
  Debug\EnterFunctionListener.obj
  Debug\ILog.obj
  Debug\NetFxMockProfiler.obj
  Debug\NetFxMockProfiler_i.obj
  Debug\ProfilerInterface.obj
  Debug\stdafx.obj
  Debug\Util.obj
  NetFxMockProfiler.vcxproj -> C:\work\code\NetFxMock3\NetFxMockProfiler\..\NetFxMock.Test\NetFxMock.Test\bin\Debug\NetFxMockProfiler.dll
RegisterOutput:
  regsvr32 /s "C:\work\code\NetFxMock3\NetFxMockProfiler\..\NetFxMock.Test\NetFxMock.Test\bin\Debug\NetFxMockProfiler.dll"
Done Building Project "C:\work\code\NetFxMock3\NetFxMockProfiler\NetFxMockProfiler\NetFxMockProfiler.vcxproj" (Build target(s)).

Build succeeded.

Time Elapsed 00:00:10.90
